make all --print-data-base --no-builtin-variables --no-builtin-rules --question
# GNU Make 4.3
# Built for x86_64-pc-linux-gnu
# Copyright (C) 1988-2020 Free Software Foundation, Inc.
# License GPLv3+: GNU GPL version 3 or later <http://gnu.org/licenses/gpl.html>
# This is free software: you are free to change and redistribute it.
# There is NO WARRANTY, to the extent permitted by law.

# Make data base, printed on Fri Jul 29 14:56:11 2022

# Variables

# environment
GDK_BACKEND = x11
# environment
LC_ALL = C
# environment
GNOME_SHELL_SESSION_MODE = ubuntu
# environment
SSH_AGENT_LAUNCHER = gnome-keyring
# environment
HOMEBREW_PREFIX = /home/linuxbrew/.linuxbrew
# environment
GJS_DEBUG_OUTPUT = stderr
# environment
LC_NAME = uk_UA.UTF-8
# environment
LC_NUMERIC = uk_UA.UTF-8
# environment
VSCODE_CWD = /home/ihor
# environment
WINDOWPATH = 2
# environment
LC_ADDRESS = uk_UA.UTF-8
# default
MAKE_COMMAND := make
# environment
QT_ACCESSIBILITY = 1
# automatic
@D = $(patsubst %/,%,$(dir $@))
# environment
VSCODE_HANDLES_UNCAUGHT_ERRORS = true
# default
.VARIABLES := 
# environment
PWD = /home/ihor/cms/Dimuon2011_14
# automatic
%D = $(patsubst %/,%,$(dir $%))
# environment
XDG_DATA_DIRS = /usr/share/ubuntu:/usr/share/gnome:/usr/local/share/:/usr/share/:/var/lib/snapd/desktop
# automatic
^D = $(patsubst %/,%,$(dir $^))
# automatic
%F = $(notdir $%)
# environment
CONDA_PROMPT_MODIFIER = 
# environment
VSCODE_CODE_CACHE_PATH = /home/ihor/.config/Code/CachedData/3b889b090b5ad5793f524b5d1d39fda662b96a2a
# environment
LANG = C
# environment
XAUTHORITY = /run/user/1000/gdm/Xauthority
# default
.LOADED := 
# environment
HOMEBREW_REPOSITORY = /home/linuxbrew/.linuxbrew/Homebrew
# default
.INCLUDE_DIRS = /usr/local/include /usr/include /usr/include
# makefile
MAKEFLAGS = pqrR
# makefile
CURDIR := /home/ihor/cms/Dimuon2011_14
# environment
APPLICATION_INSIGHTS_NO_DIAGNOSTIC_CHANNEL = true
# environment
LESSOPEN = | /usr/bin/lesspipe %s
# automatic
*D = $(patsubst %/,%,$(dir $*))
# environment
MFLAGS = -pqrR
# environment
SSH_AUTH_SOCK = /run/user/1000/keyring/ssh
# default
.SHELLFLAGS := -c
# environment
XDG_CONFIG_DIRS = /etc/xdg/xdg-ubuntu:/etc/xdg
# automatic
+D = $(patsubst %/,%,$(dir $+))
# environment
XDG_SESSION_DESKTOP = ubuntu
# makefile (from 'Makefile', line 1)
MAKEFILE_LIST := Makefile
# environment
CONDA_SHLVL = 1
# automatic
@F = $(notdir $@)
# environment
VSCODE_PID = 17181
# environment
XDG_SESSION_TYPE = x11
# automatic
?D = $(patsubst %/,%,$(dir $?))
# environment
CONDA_PYTHON_EXE = /home/ihor/anaconda3/bin/python
# environment
SESSION_MANAGER = local/ihor:@/tmp/.ICE-unix/2572,unix/ihor:/tmp/.ICE-unix/2572
# automatic
*F = $(notdir $*)
# environment
MANPATH = /home/linuxbrew/.linuxbrew/share/man:/home/linuxbrew/.linuxbrew/share/man::
# environment
CHROME_DESKTOP = code-url-handler.desktop
# environment
DBUS_SESSION_BUS_ADDRESS = unix:path=/run/user/1000/bus
# automatic
<D = $(patsubst %/,%,$(dir $<))
# environment
VSCODE_NLS_CONFIG = {"locale":"en-us","availableLanguages":{},"_languagePackSupport":true}
# default
MAKE_HOST := x86_64-pc-linux-gnu
# environment
GNOME_DESKTOP_SESSION_ID = this-is-deprecated
# environment
INFOPATH = /home/linuxbrew/.linuxbrew/share/info:/home/linuxbrew/.linuxbrew/share/info:
# makefile
SHELL = /bin/sh
# environment
CONDA_PREFIX = /home/ihor/anaconda3
# default
MAKECMDGOALS := all
# environment
XMODIFIERS = @im=ibus
# environment
GJS_DEBUG_TOPICS = JS ERROR;JS LOG
# environment
SHLVL = 0
# environment
MAKELEVEL := 0
# default
MAKE = $(MAKE_COMMAND)
# environment
PATH = /home/linuxbrew/.linuxbrew/bin:/home/linuxbrew/.linuxbrew/sbin:/home/ihor/anaconda3/bin:/home/linuxbrew/.linuxbrew/bin:/home/linuxbrew/.linuxbrew/sbin:/usr/local/sbin:/usr/local/bin:/usr/sbin:/usr/bin:/sbin:/bin:/usr/games:/usr/local/games:/snap/bin:/snap/bin
# default
MAKEFILES := 
# environment
LC_MONETARY = uk_UA.UTF-8
# automatic
^F = $(notdir $^)
# environment
LC_TIME = uk_UA.UTF-8
# environment
INVOCATION_ID = cd3b69b4b62c4ec2b873a7048aa48b98
# environment
USERNAME = ihor
# makefile (from 'Makefile', line 2)
FILES = $(SRC_FILES:%.C=%)
# environment
LC_TELEPHONE = uk_UA.UTF-8
# environment
LESSCLOSE = /usr/bin/lesspipe %s %s
# automatic
?F = $(notdir $?)
# environment
XDG_CURRENT_DESKTOP = Unity
# environment
LS_COLORS = 
# automatic
+F = $(notdir $+)
# environment
DESKTOP_SESSION = ubuntu
# environment
ORIGINAL_XDG_CURRENT_DESKTOP = ubuntu:GNOME
# 'override' directive
GNUMAKEFLAGS := 
# environment
CONDA_DEFAULT_ENV = base
# environment
LOGNAME = ihor
# environment
GIO_LAUNCHED_DESKTOP_FILE = /usr/share/applications/code.desktop
# makefile
.DEFAULT_GOAL := all
# environment
SYSTEMD_EXEC_PID = 2596
# environment
DISPLAY = :1
# environment
USER = ihor
# environment
GTK_MODULES = gail:atk-bridge
# default
MAKE_VERSION := 4.3
# makefile (from 'Makefile', line 1)
SRC_FILES = $(shell ls *.C)
# 'override' directive
.SHELLSTATUS := 0
# environment
MANAGERPID = 2120
# environment
HOMEBREW_CELLAR = /home/linuxbrew/.linuxbrew/Cellar
# environment
LC_MEASUREMENT = uk_UA.UTF-8
# environment
GIO_LAUNCHED_DESKTOP_FILE_PID = 17181
# environment
_ = /usr/share/code/code
# environment
LC_PAPER = uk_UA.UTF-8
# environment
XDG_RUNTIME_DIR = /run/user/1000
# environment
GPG_AGENT_INFO = /run/user/1000/gnupg/S.gpg-agent:0:1
# environment
JOURNAL_STREAM = 8:35609
# environment
XDG_SESSION_CLASS = user
# environment
VSCODE_AMD_ENTRYPOINT = vs/workbench/api/node/extensionHostProcess
# environment
HOME = /home/ihor
# environment
QT_IM_MODULE = ibus
# environment
ELECTRON_RUN_AS_NODE = 1
# environment
VSCODE_IPC_HOOK = /run/user/1000/vscode-2978cd4b-1.69.2-main.sock
# default
.RECIPEPREFIX := 
# automatic
<F = $(notdir $<)
# default
SUFFIXES := 
# default
.FEATURES := target-specific order-only second-expansion else-if shortest-stem undefine oneshell nocomment grouped-target extra-prereqs archives jobserver output-sync check-symlink load
# environment
XDG_MENU_PREFIX = gnome-
# environment
CONDA_EXE = /home/ihor/anaconda3/bin/conda
# environment
GDMSESSION = ubuntu
# environment
LC_IDENTIFICATION = uk_UA.UTF-8
# variable set hash-table stats:
# Load=115/1024=11%, Rehash=0, Collisions=12/165=7%

# Pattern-specific Variable Values

# No pattern-specific variable values.

# Directories

# . (device 66307, inode 3413205): 12 files, no impossibilities.

# 12 files, no impossibilities in 1 directories.

# Implicit Rules

%.pdf: %.C
#  recipe to execute (from 'Makefile', line 9):
	root $<+ -l -q
	@rm $*_*

# 1 implicit rules, 0 (0.0%) terminal.
# Files

Dimuon2011_14_RDF_old: Dimuon2011_14_RDF_old.pdf
#  Phony target (prerequisite of .PHONY).
#  Implicit rule search has not been done.
#  Implicit/static pattern stem: 'Dimuon2011_14_RDF_old'
#  File does not exist.
#  File has not been updated.

# Not a target:
Makefile:
#  Implicit rule search has been done.
#  Last modified 2022-07-21 19:11:09
#  File has been updated.
#  Successfully updated.

Dimuon2011_14: Dimuon2011_14.pdf
#  Phony target (prerequisite of .PHONY).
#  Implicit rule search has not been done.
#  Implicit/static pattern stem: 'Dimuon2011_14'
#  File does not exist.
#  File has been updated.
#  Needs to be updated (-q is set).
# variable set hash-table stats:
 
# Load=0/32=0%, Rehash=0, Collisions=0/3=0%

# Not a target:
Dimuon2011_14.C:
#  Implicit rule search has been done.
#  Last modified 2022-07-26 00:49:04.466995425
#  File has been updated.
#  Successfully updated.

# Not a target:
Dimuon2011_14_RDF_old.pdf:
#  Implicit rule search has not been done.
#  Modification time never checked.
#  File has not been updated.

# Not a target:
Dimuon2011_14_RDF.pdf:
#  Implicit rule search has not been done.
#  Modification time never checked.
#  File has not been updated.

# Not a target:
Dimuon2011_local.pdf:
#  Implicit rule search has not been done.
#  Modification time never checked.
#  File has not been updated.

# Not a target:
.DEFAULT:
#  Implicit rule search has not been done.
#  Modification time never checked.
#  File has not been updated.

all: Dimuon2011_14 Dimuon2011_14_RDF Dimuon2011_14_RDF_old Dimuon2011_14_RDF_v2 Dimuon2011_local
#  Phony target (prerequisite of .PHONY).
#  Command line target.
#  Implicit rule search has not been done.
#  File does not exist.
#  File has been updated.
#  Needs to be updated (-q is set).
# variable set hash-table stats:
# Load=0/32=0%, Rehash=0, Collisions=0/3=0%

Dimuon2011_14_RDF_v2: Dimuon2011_14_RDF_v2.pdf
#  Phony target (prerequisite of .PHONY).
#  Implicit rule search has not been done.
#  Implicit/static pattern stem: 'Dimuon2011_14_RDF_v2'
#  File does not exist.
#  File has not been updated.

Dimuon2011_14_RDF: Dimuon2011_14_RDF.pdf
#  Phony target (prerequisite of .PHONY).
#  Implicit rule search has not been done.
#  Implicit/static pattern stem: 'Dimuon2011_14_RDF'
#  File does not exist.
#  File has not been updated.

Dimuon2011_14.pdf: Dimuon2011_14.C
#  Implicit rule search has been done.
#  Implicit/static pattern stem: 'Dimuon2011_14'
#  File does not exist.
#  File has been updated.
#  Needs to be updated (-q is set).
# automatic
# @ := Dimuon2011_14.pdf
# automatic
# * := Dimuon2011_14
# automatic
# < := Dimuon2011_14.C
# automatic
# + := Dimuon2011_14.C
# automatic
# % := 
# automatic
# ^ := Dimuon2011_14.C
# automatic
# ? := Dimuon2011_14.C
# automatic
# | := 
# variable set hash-table stats:
# Load=8/32=25%, Rehash=0, Collisions=1/13=8%
#  recipe to execute (from 'Makefile', line 9):
	root $<+ -l -q
	@rm $*_*

.PHONY: all Dimuon2011_14 Dimuon2011_14_RDF Dimuon2011_14_RDF_old Dimuon2011_14_RDF_v2 Dimuon2011_local
#  Implicit rule search has not been done.
#  Modification time never checked.
#  File has not been updated.

Dimuon2011_local: Dimuon2011_local.pdf
#  Phony target (prerequisite of .PHONY).
#  Implicit rule search has not been done.
#  Implicit/static pattern stem: 'Dimuon2011_local'
#  File does not exist.
#  File has not been updated.

# Not a target:
Dimuon2011_14_RDF_v2.pdf:
#  Implicit rule search has not been done.
#  Modification time never checked.
#  File has not been updated.

# files hash-table stats:
# Load=16/1024=2%, Rehash=0, Collisions=0/51=0%
# VPATH Search Paths

# No 'vpath' search paths.

# No general ('VPATH' variable) search path.

# strcache buffers: 1 (0) / strings = 31 / storage = 444 B / avg = 14 B
# current buf: size = 8162 B / used = 444 B / count = 31 / avg = 14 B

# strcache performance: lookups = 63 / hit rate = 50%
# hash-table stats:
# Load=31/8192=0%, Rehash=0, Collisions=0/63=0%
# Finished Make data base on Fri Jul 29 14:56:11 2022

 
